Using pre-set license
Built from '2021.1/staging' branch; Version is '2021.1.5f1 (3737af19df53) revision 3618735'; Using compiler version '192528614'; Build Type 'Release'
OS: 'Windows 10 Home; OS build 19041.928; Version 2004; 64bit' Language: 'es' Physical Memory: 16244 MB
BatchMode: 1, IsHumanControllingUs: 0, StartBugReporterOnCrash: 0, Is64bit: 1, IsPro: 0

 COMMAND LINE ARGUMENTS:
C:\Program Files\Unity\2021.1.5f1\Editor\Unity.exe
-adb2
-batchMode
-noUpm
-name
AssetImportWorker0
-projectPath
D:/Unity Projects/Bomb platformer
-logFile
Logs/AssetImportWorker0.log
-srvPort
64989
Successfully changed project path to: D:/Unity Projects/Bomb platformer
D:/Unity Projects/Bomb platformer
Using Asset Import Pipeline V2.
Refreshing native plugins compatible for Editor in 91.29 ms, found 1 plugins.
Preloading 0 native plugins for Editor in 0.00 ms.
Initialize engine version: 2021.1.5f1 (3737af19df53)
[Subsystems] Discovering subsystems at path C:/Program Files/Unity/2021.1.5f1/Editor/Data/Resources/UnitySubsystems
[Subsystems] Discovering subsystems at path D:/Unity Projects/Bomb platformer/Assets
GfxDevice: creating device client; threaded=0; jobified=0
Direct3D:
    Version:  Direct3D 11.0 [level 11.1]
    Renderer: NVIDIA GeForce RTX 2060 (ID=0x1f08)
    Vendor:   NVIDIA
    VRAM:     5980 MB
    Driver:   27.21.14.6192
Initialize mono
Mono path[0] = 'C:/Program Files/Unity/2021.1.5f1/Editor/Data/Managed'
Mono path[1] = 'C:/Program Files/Unity/2021.1.5f1/Editor/Data/MonoBleedingEdge/lib/mono/unityjit'
Mono config path = 'C:/Program Files/Unity/2021.1.5f1/Editor/Data/MonoBleedingEdge/etc'
Using monoOptions --debugger-agent=transport=dt_socket,embedding=1,server=y,suspend=n,address=127.0.0.1:56524
Begin MonoManager ReloadAssembly
Registering precompiled unity dll's ...
Register platform support module: C:/Program Files/Unity/2021.1.5f1/Editor/Data/PlaybackEngines/WebGLSupport/UnityEditor.WebGL.Extensions.dll
Register platform support module: C:/Program Files/Unity/2021.1.5f1/Editor/Data/PlaybackEngines/WindowsStandaloneSupport/UnityEditor.WindowsStandalone.Extensions.dll
Registered in 0.001849 seconds.
Native extension for WindowsStandalone target not found
Native extension for WebGL target not found
Refreshing native plugins compatible for Editor in 111.96 ms, found 1 plugins.
Preloading 0 native plugins for Editor in 0.00 ms.
Mono: successfully reloaded assembly
- Completed reload, in  1.215 seconds
Platform modules already initialized, skipping
Registering precompiled user dll's ...
Registered in 0.002135 seconds.
Begin MonoManager ReloadAssembly
Native extension for WindowsStandalone target not found
Native extension for WebGL target not found
Refreshing native plugins compatible for Editor in 94.78 ms, found 1 plugins.
Preloading 0 native plugins for Editor in 0.00 ms.
Mono: successfully reloaded assembly
- Completed reload, in  1.073 seconds
Platform modules already initialized, skipping
========================================================================
Worker process is ready to serve import requests
Shader 'Universal Render Pipeline/Particles/Lit': fallback shader 'Universal Render Pipeline/Particles/SimpleLit' not found
Shader 'Universal Render Pipeline/Particles/Lit': fallback shader 'Universal Render Pipeline/Particles/SimpleLit' not found
Launched and connected shader compiler UnityShaderCompiler.exe after 0.04 seconds
Refreshing native plugins compatible for Editor in 0.63 ms, found 1 plugins.
Preloading 0 native plugins for Editor in 0.00 ms.
Unloading 4282 Unused Serialized files (Serialized files now loaded: 0)
System memory in use before: 167.1 MB.
System memory in use after: 164.4 MB.

Unloading 52 unused Assets to reduce memory usage. Loaded Objects now: 4702.
Total: 3.494500 ms (FindLiveObjects: 0.287000 ms CreateObjectMapping: 0.180600 ms MarkObjects: 2.062100 ms  DeleteObjects: 0.963400 ms)

========================================================================
Received Import Request.
  path: Assets/Materials/Black.mat
  artifactKey: Guid(7443e88dbd31d5a49a18798fff46f4a2) Importer(815301076,1909f56bfc062723c751e8b465ee728b)
Start importing Assets/Materials/Black.mat using Guid(7443e88dbd31d5a49a18798fff46f4a2) Importer(815301076,1909f56bfc062723c751e8b465ee728b)  -> (artifact id: '13f562f1c63d3667c127078f9fe52139') in 0.220259 seconds 
========================================================================
Received Import Request.
  Time since last request: 7.341712 seconds.
  path: Assets/PlayerController.cs
  artifactKey: Guid(827041527324ab24db379e8704771039) Importer(815301076,1909f56bfc062723c751e8b465ee728b)
Start importing Assets/PlayerController.cs using Guid(827041527324ab24db379e8704771039) Importer(815301076,1909f56bfc062723c751e8b465ee728b)  -> (artifact id: '1607ce173546d1ecf52a6dd845ad4e6f') in 0.026915 seconds 
========================================================================
Received Import Request.
  Time since last request: 12.873401 seconds.
  path: Assets/Gameplay.inputactions
  artifactKey: Guid(a33c58137818aa64caa394eb008fe13d) Importer(815301076,1909f56bfc062723c751e8b465ee728b)
Start importing Assets/Gameplay.inputactions using Guid(a33c58137818aa64caa394eb008fe13d) Importer(815301076,1909f56bfc062723c751e8b465ee728b)  -> (artifact id: '1c816b0a91bb123c6ed5654f1b10a794') in 0.024587 seconds 
========================================================================
Received Import Request.
  Time since last request: 3.881672 seconds.
  path: Assets/Gameplay.inputactions
  artifactKey: Guid(a33c58137818aa64caa394eb008fe13d) Importer(815301076,1909f56bfc062723c751e8b465ee728b)
Start importing Assets/Gameplay.inputactions using Guid(a33c58137818aa64caa394eb008fe13d) Importer(815301076,1909f56bfc062723c751e8b465ee728b)  -> (artifact id: '248175b76cfbc775e0f20cae17f7162c') in 0.019292 seconds 
========================================================================
Received Prepare
Registering precompiled user dll's ...
Registered in 0.001944 seconds.
Begin MonoManager ReloadAssembly
Native extension for WindowsStandalone target not found
Native extension for WebGL target not found
Refreshing native plugins compatible for Editor in 0.61 ms, found 1 plugins.
Preloading 0 native plugins for Editor in 0.00 ms.
Mono: successfully reloaded assembly
- Completed reload, in  0.856 seconds
Platform modules already initialized, skipping
Shader 'Universal Render Pipeline/Particles/Lit': fallback shader 'Universal Render Pipeline/Particles/SimpleLit' not found
Shader 'Universal Render Pipeline/Particles/Lit': fallback shader 'Universal Render Pipeline/Particles/SimpleLit' not found
Refreshing native plugins compatible for Editor in 0.71 ms, found 1 plugins.
Preloading 0 native plugins for Editor in 0.00 ms.
Unloading 4210 Unused Serialized files (Serialized files now loaded: 0)
System memory in use before: 170.5 MB.
System memory in use after: 167.8 MB.

Unloading 45 unused Assets to reduce memory usage. Loaded Objects now: 4784.
Total: 3.734100 ms (FindLiveObjects: 0.326700 ms CreateObjectMapping: 0.242000 ms MarkObjects: 2.123500 ms  DeleteObjects: 1.040900 ms)

========================================================================
Received Import Request.
  Time since last request: 72.950219 seconds.
  path: Assets/Gameplay.inputactions
  artifactKey: Guid(a33c58137818aa64caa394eb008fe13d) Importer(815301076,1909f56bfc062723c751e8b465ee728b)
Start importing Assets/Gameplay.inputactions using Guid(a33c58137818aa64caa394eb008fe13d) Importer(815301076,1909f56bfc062723c751e8b465ee728b)  -> (artifact id: '7e806a570cb36011671a1658b57c98bd') in 0.036338 seconds 
========================================================================
Received Prepare
Registering precompiled user dll's ...
Registered in 0.001957 seconds.
Begin MonoManager ReloadAssembly
Native extension for WindowsStandalone target not found
Native extension for WebGL target not found
Refreshing native plugins compatible for Editor in 0.63 ms, found 1 plugins.
Preloading 0 native plugins for Editor in 0.00 ms.
Mono: successfully reloaded assembly
- Completed reload, in  0.840 seconds
Platform modules already initialized, skipping
Shader 'Universal Render Pipeline/Particles/Lit': fallback shader 'Universal Render Pipeline/Particles/SimpleLit' not found
Shader 'Universal Render Pipeline/Particles/Lit': fallback shader 'Universal Render Pipeline/Particles/SimpleLit' not found
Refreshing native plugins compatible for Editor in 0.82 ms, found 1 plugins.
Preloading 0 native plugins for Editor in 0.00 ms.
Unloading 4210 Unused Serialized files (Serialized files now loaded: 0)
System memory in use before: 170.5 MB.
System memory in use after: 167.8 MB.

Unloading 45 unused Assets to reduce memory usage. Loaded Objects now: 4787.
Total: 4.065500 ms (FindLiveObjects: 0.331600 ms CreateObjectMapping: 0.260100 ms MarkObjects: 2.354300 ms  DeleteObjects: 1.118600 ms)

========================================================================
Received Import Request.
  Time since last request: 20.874765 seconds.
  path: Assets/InputManager.cs
  artifactKey: Guid(bcdab30d67e82744ea22f8cba3412221) Importer(815301076,1909f56bfc062723c751e8b465ee728b)
Start importing Assets/InputManager.cs using Guid(bcdab30d67e82744ea22f8cba3412221) Importer(815301076,1909f56bfc062723c751e8b465ee728b)  -> (artifact id: 'fa21b85a05c1f54db5db86f1fda14921') in 0.024758 seconds 
========================================================================
Received Prepare
Registering precompiled user dll's ...
Registered in 0.003718 seconds.
Begin MonoManager ReloadAssembly
Native extension for WindowsStandalone target not found
Native extension for WebGL target not found
Refreshing native plugins compatible for Editor in 1.24 ms, found 1 plugins.
Preloading 0 native plugins for Editor in 0.00 ms.
Mono: successfully reloaded assembly
- Completed reload, in  1.061 seconds
Platform modules already initialized, skipping
Shader 'Universal Render Pipeline/Particles/Lit': fallback shader 'Universal Render Pipeline/Particles/SimpleLit' not found
Shader 'Universal Render Pipeline/Particles/Lit': fallback shader 'Universal Render Pipeline/Particles/SimpleLit' not found
Refreshing native plugins compatible for Editor in 0.64 ms, found 1 plugins.
Preloading 0 native plugins for Editor in 0.00 ms.
Unloading 4211 Unused Serialized files (Serialized files now loaded: 0)
System memory in use before: 170.5 MB.
System memory in use after: 167.8 MB.

Unloading 45 unused Assets to reduce memory usage. Loaded Objects now: 4791.
Total: 3.891300 ms (FindLiveObjects: 0.346900 ms CreateObjectMapping: 0.312800 ms MarkObjects: 2.216300 ms  DeleteObjects: 1.014400 ms)

========================================================================
Received Prepare
Registering precompiled user dll's ...
Registered in 0.002065 seconds.
Begin MonoManager ReloadAssembly
Native extension for WindowsStandalone target not found
Native extension for WebGL target not found
Refreshing native plugins compatible for Editor in 0.63 ms, found 1 plugins.
Preloading 0 native plugins for Editor in 0.00 ms.
Mono: successfully reloaded assembly
- Completed reload, in  0.900 seconds
Platform modules already initialized, skipping
Shader 'Universal Render Pipeline/Particles/Lit': fallback shader 'Universal Render Pipeline/Particles/SimpleLit' not found
Shader 'Universal Render Pipeline/Particles/Lit': fallback shader 'Universal Render Pipeline/Particles/SimpleLit' not found
Refreshing native plugins compatible for Editor in 0.61 ms, found 1 plugins.
Preloading 0 native plugins for Editor in 0.00 ms.
Unloading 4211 Unused Serialized files (Serialized files now loaded: 0)
System memory in use before: 170.6 MB.
System memory in use after: 167.8 MB.

Unloading 45 unused Assets to reduce memory usage. Loaded Objects now: 4794.
Total: 3.147000 ms (FindLiveObjects: 0.283500 ms CreateObjectMapping: 0.204200 ms MarkObjects: 1.688500 ms  DeleteObjects: 0.970000 ms)

========================================================================
Received Import Request.
  Time since last request: 345.111676 seconds.
  path: Assets/InputManager.cs
  artifactKey: Guid(bcdab30d67e82744ea22f8cba3412221) Importer(815301076,1909f56bfc062723c751e8b465ee728b)
Start importing Assets/InputManager.cs using Guid(bcdab30d67e82744ea22f8cba3412221) Importer(815301076,1909f56bfc062723c751e8b465ee728b)  -> (artifact id: '42d5a1b5e070aae97dfc5749f13626f7') in 0.021823 seconds 
========================================================================
Received Prepare
Registering precompiled user dll's ...
Registered in 0.002002 seconds.
Begin MonoManager ReloadAssembly
Native extension for WindowsStandalone target not found
Native extension for WebGL target not found
Refreshing native plugins compatible for Editor in 0.61 ms, found 1 plugins.
Preloading 0 native plugins for Editor in 0.00 ms.
Mono: successfully reloaded assembly
- Completed reload, in  0.859 seconds
Platform modules already initialized, skipping
Shader 'Universal Render Pipeline/Particles/Lit': fallback shader 'Universal Render Pipeline/Particles/SimpleLit' not found
Shader 'Universal Render Pipeline/Particles/Lit': fallback shader 'Universal Render Pipeline/Particles/SimpleLit' not found
Refreshing native plugins compatible for Editor in 0.61 ms, found 1 plugins.
Preloading 0 native plugins for Editor in 0.00 ms.
Unloading 4211 Unused Serialized files (Serialized files now loaded: 0)
System memory in use before: 170.6 MB.
System memory in use after: 167.9 MB.

Unloading 45 unused Assets to reduce memory usage. Loaded Objects now: 4797.
Total: 4.141600 ms (FindLiveObjects: 0.482900 ms CreateObjectMapping: 0.211300 ms MarkObjects: 2.328400 ms  DeleteObjects: 1.118300 ms)

========================================================================
Received Prepare
Registering precompiled user dll's ...
Registered in 0.002044 seconds.
Begin MonoManager ReloadAssembly
Native extension for WindowsStandalone target not found
Native extension for WebGL target not found
Refreshing native plugins compatible for Editor in 0.62 ms, found 1 plugins.
Preloading 0 native plugins for Editor in 0.00 ms.
Mono: successfully reloaded assembly
- Completed reload, in  0.842 seconds
Platform modules already initialized, skipping
Shader 'Universal Render Pipeline/Particles/Lit': fallback shader 'Universal Render Pipeline/Particles/SimpleLit' not found
Shader 'Universal Render Pipeline/Particles/Lit': fallback shader 'Universal Render Pipeline/Particles/SimpleLit' not found
Refreshing native plugins compatible for Editor in 0.61 ms, found 1 plugins.
Preloading 0 native plugins for Editor in 0.00 ms.
Unloading 4211 Unused Serialized files (Serialized files now loaded: 0)
System memory in use before: 170.6 MB.
System memory in use after: 167.9 MB.

Unloading 45 unused Assets to reduce memory usage. Loaded Objects now: 4800.
Total: 3.688200 ms (FindLiveObjects: 0.346800 ms CreateObjectMapping: 0.261000 ms MarkObjects: 2.059300 ms  DeleteObjects: 1.020600 ms)

========================================================================
Received Import Request.
  Time since last request: 189.294442 seconds.
  path: Assets/PlayerController.cs
  artifactKey: Guid(827041527324ab24db379e8704771039) Importer(815301076,1909f56bfc062723c751e8b465ee728b)
Start importing Assets/PlayerController.cs using Guid(827041527324ab24db379e8704771039) Importer(815301076,1909f56bfc062723c751e8b465ee728b)  -> (artifact id: '9277c4512617429a05f7cae4bec98d25') in 0.022212 seconds 
========================================================================
Received Prepare
Registering precompiled user dll's ...
Registered in 0.002142 seconds.
Begin MonoManager ReloadAssembly
Native extension for WindowsStandalone target not found
Native extension for WebGL target not found
Refreshing native plugins compatible for Editor in 0.62 ms, found 1 plugins.
Preloading 0 native plugins for Editor in 0.00 ms.
Mono: successfully reloaded assembly
- Completed reload, in  0.921 seconds
Platform modules already initialized, skipping
Shader 'Universal Render Pipeline/Particles/Lit': fallback shader 'Universal Render Pipeline/Particles/SimpleLit' not found
Shader 'Universal Render Pipeline/Particles/Lit': fallback shader 'Universal Render Pipeline/Particles/SimpleLit' not found
Refreshing native plugins compatible for Editor in 0.61 ms, found 1 plugins.
Preloading 0 native plugins for Editor in 0.00 ms.
Unloading 4211 Unused Serialized files (Serialized files now loaded: 0)
System memory in use before: 170.6 MB.
System memory in use after: 167.9 MB.

Unloading 45 unused Assets to reduce memory usage. Loaded Objects now: 4803.
Total: 4.113900 ms (FindLiveObjects: 0.337500 ms CreateObjectMapping: 0.365000 ms MarkObjects: 2.370200 ms  DeleteObjects: 1.040200 ms)

========================================================================
Received Prepare
Registering precompiled user dll's ...
Registered in 0.002057 seconds.
Begin MonoManager ReloadAssembly
Native extension for WindowsStandalone target not found
Native extension for WebGL target not found
Refreshing native plugins compatible for Editor in 0.61 ms, found 1 plugins.
Preloading 0 native plugins for Editor in 0.00 ms.
Mono: successfully reloaded assembly
- Completed reload, in  0.826 seconds
Platform modules already initialized, skipping
Shader 'Universal Render Pipeline/Particles/Lit': fallback shader 'Universal Render Pipeline/Particles/SimpleLit' not found
Shader 'Universal Render Pipeline/Particles/Lit': fallback shader 'Universal Render Pipeline/Particles/SimpleLit' not found
Refreshing native plugins compatible for Editor in 0.61 ms, found 1 plugins.
Preloading 0 native plugins for Editor in 0.00 ms.
Unloading 4211 Unused Serialized files (Serialized files now loaded: 0)
System memory in use before: 170.7 MB.
System memory in use after: 168.0 MB.

Unloading 45 unused Assets to reduce memory usage. Loaded Objects now: 4806.
Total: 3.268900 ms (FindLiveObjects: 0.282000 ms CreateObjectMapping: 0.207300 ms MarkObjects: 1.758100 ms  DeleteObjects: 1.020700 ms)

========================================================================
Received Prepare
Registering precompiled user dll's ...
Registered in 0.002014 seconds.
Begin MonoManager ReloadAssembly
Native extension for WindowsStandalone target not found
Native extension for WebGL target not found
Refreshing native plugins compatible for Editor in 0.62 ms, found 1 plugins.
Preloading 0 native plugins for Editor in 0.00 ms.
Mono: successfully reloaded assembly
- Completed reload, in  0.846 seconds
Platform modules already initialized, skipping
Shader 'Universal Render Pipeline/Particles/Lit': fallback shader 'Universal Render Pipeline/Particles/SimpleLit' not found
Shader 'Universal Render Pipeline/Particles/Lit': fallback shader 'Universal Render Pipeline/Particles/SimpleLit' not found
Refreshing native plugins compatible for Editor in 0.61 ms, found 1 plugins.
Preloading 0 native plugins for Editor in 0.00 ms.
Unloading 4211 Unused Serialized files (Serialized files now loaded: 0)
System memory in use before: 170.7 MB.
System memory in use after: 168.0 MB.

Unloading 45 unused Assets to reduce memory usage. Loaded Objects now: 4809.
Total: 3.324700 ms (FindLiveObjects: 0.359800 ms CreateObjectMapping: 0.232900 ms MarkObjects: 1.730600 ms  DeleteObjects: 1.000400 ms)

========================================================================
Received Import Request.
  Time since last request: 73.557344 seconds.
  path: Assets/PlayerController.cs
  artifactKey: Guid(827041527324ab24db379e8704771039) Importer(815301076,1909f56bfc062723c751e8b465ee728b)
Start importing Assets/PlayerController.cs using Guid(827041527324ab24db379e8704771039) Importer(815301076,1909f56bfc062723c751e8b465ee728b)  -> (artifact id: 'f3aab66ba5d8ba7b6cc2e7c0dbba2dfd') in 0.021818 seconds 
========================================================================
Received Prepare
Registering precompiled user dll's ...
Registered in 0.002061 seconds.
Begin MonoManager ReloadAssembly
Native extension for WindowsStandalone target not found
Native extension for WebGL target not found
Refreshing native plugins compatible for Editor in 0.72 ms, found 1 plugins.
Preloading 0 native plugins for Editor in 0.00 ms.
Mono: successfully reloaded assembly
- Completed reload, in  0.847 seconds
Platform modules already initialized, skipping
Shader 'Universal Render Pipeline/Particles/Lit': fallback shader 'Universal Render Pipeline/Particles/SimpleLit' not found
Shader 'Universal Render Pipeline/Particles/Lit': fallback shader 'Universal Render Pipeline/Particles/SimpleLit' not found
Refreshing native plugins compatible for Editor in 0.61 ms, found 1 plugins.
Preloading 0 native plugins for Editor in 0.00 ms.
Unloading 4211 Unused Serialized files (Serialized files now loaded: 0)
System memory in use before: 170.7 MB.
System memory in use after: 168.0 MB.

Unloading 45 unused Assets to reduce memory usage. Loaded Objects now: 4812.
Total: 3.369000 ms (FindLiveObjects: 0.287900 ms CreateObjectMapping: 0.195900 ms MarkObjects: 1.868400 ms  DeleteObjects: 1.015900 ms)

========================================================================
Received Prepare
Registering precompiled user dll's ...
Registered in 0.002085 seconds.
Begin MonoManager ReloadAssembly
Native extension for WindowsStandalone target not found
Native extension for WebGL target not found
Refreshing native plugins compatible for Editor in 0.62 ms, found 1 plugins.
Preloading 0 native plugins for Editor in 0.00 ms.
Mono: successfully reloaded assembly
- Completed reload, in  0.837 seconds
Platform modules already initialized, skipping
Shader 'Universal Render Pipeline/Particles/Lit': fallback shader 'Universal Render Pipeline/Particles/SimpleLit' not found
Shader 'Universal Render Pipeline/Particles/Lit': fallback shader 'Universal Render Pipeline/Particles/SimpleLit' not found
Refreshing native plugins compatible for Editor in 0.63 ms, found 1 plugins.
Preloading 0 native plugins for Editor in 0.00 ms.
Unloading 4211 Unused Serialized files (Serialized files now loaded: 0)
System memory in use before: 170.7 MB.
System memory in use after: 168.0 MB.

Unloading 45 unused Assets to reduce memory usage. Loaded Objects now: 4815.
Total: 3.166100 ms (FindLiveObjects: 0.289600 ms CreateObjectMapping: 0.208900 ms MarkObjects: 1.658300 ms  DeleteObjects: 1.008200 ms)

========================================================================
Received Prepare
Registering precompiled user dll's ...
Registered in 0.001925 seconds.
Begin MonoManager ReloadAssembly
Native extension for WindowsStandalone target not found
Native extension for WebGL target not found
Refreshing native plugins compatible for Editor in 0.61 ms, found 1 plugins.
Preloading 0 native plugins for Editor in 0.00 ms.
Mono: successfully reloaded assembly
- Completed reload, in  0.811 seconds
Platform modules already initialized, skipping
Shader 'Universal Render Pipeline/Particles/Lit': fallback shader 'Universal Render Pipeline/Particles/SimpleLit' not found
Shader 'Universal Render Pipeline/Particles/Lit': fallback shader 'Universal Render Pipeline/Particles/SimpleLit' not found
Refreshing native plugins compatible for Editor in 0.63 ms, found 1 plugins.
Preloading 0 native plugins for Editor in 0.00 ms.
Unloading 4211 Unused Serialized files (Serialized files now loaded: 0)
System memory in use before: 170.7 MB.
System memory in use after: 168.0 MB.

Unloading 45 unused Assets to reduce memory usage. Loaded Objects now: 4818.
Total: 3.749900 ms (FindLiveObjects: 0.497500 ms CreateObjectMapping: 0.376000 ms MarkObjects: 1.861700 ms  DeleteObjects: 1.013700 ms)

AssetImportWorkerClient::OnTransportError - code=2 error=End of file
